<?xml version="1.0" encoding="UTF-8"?>
<!-- Generated by org.testng.reporters.JUnitReportReporter -->
<testsuite hostname="DESKTOP-9R8HQ6A" failures="0" tests="1" name="SeleniumPractice.SeleniumTest" time="0.014" errors="0" timestamp="2020-07-27T00:10:11 IST" skipped="0">
  <testcase classname="SeleniumPractice.SeleniumTest" name="browserAutomation" time="0.014"/>
  <system-out/>
</testsuite> <!-- SeleniumPractice.SeleniumTest -->
