<?xml version="1.0" encoding="UTF-8"?>
<!-- Generated by org.testng.reporters.JUnitReportReporter -->
<testsuite hostname="DESKTOP-9R8HQ6A" failures="0" tests="1" name="SeleniumPractice.AppTest" time="0.020" errors="0" timestamp="2020-07-27T00:50:25 IST" skipped="0">
  <testcase classname="SeleniumPractice.AppTest" name="shouldAnswerWithTrue" time="0.020"/>
  <system-out/>
</testsuite> <!-- SeleniumPractice.AppTest -->
