<?xml version="1.0" encoding="UTF-8"?>
<!-- Generated by org.testng.reporters.JUnitReportReporter -->
<testsuite skipped="0" hostname="DESKTOP-9R8HQ6A" name="SeleniumPractice.AppTest" tests="1" failures="0" timestamp="2020-07-31T13:57:48 IST" time="0.001" errors="0">
  <testcase name="shouldAnswerWithTrue" time="0.001" classname="SeleniumPractice.AppTest"/>
  <system-out/>
</testsuite> <!-- SeleniumPractice.AppTest -->
