<?xml version="1.0" encoding="UTF-8"?>
<!-- Generated by org.testng.reporters.JUnitReportReporter -->
<testsuite skipped="0" hostname="DESKTOP-9R8HQ6A" name="SeleniumPractice.SeleniumTest" tests="2" failures="0" timestamp="2020-07-31T13:57:48 IST" time="0.001" errors="0">
  <testcase name="browserAutomation" time="0.000" classname="SeleniumPractice.SeleniumTest"/>
  <system-out/>
  <testcase name="elemenstUI" time="0.001" classname="SeleniumPractice.SeleniumTest"/>
  <system-out/>
</testsuite> <!-- SeleniumPractice.SeleniumTest -->
