<?xml version="1.0" encoding="UTF-8"?>
<!-- Generated by org.testng.reporters.JUnitReportReporter -->
<testsuite skipped="0" hostname="DESKTOP-9R8HQ6A" name="SeleniumPractice.AppiumTest" tests="2" failures="0" timestamp="2020-07-31T13:57:48 IST" time="0.011" errors="0">
  <testcase name="IOSApps" time="0.010" classname="SeleniumPractice.AppiumTest"/>
  <system-out/>
  <testcase name="NativeAPPAndroid" time="0.001" classname="SeleniumPractice.AppiumTest"/>
  <system-out/>
</testsuite> <!-- SeleniumPractice.AppiumTest -->
